<?xml version="1.0" encoding="UTF-8"?>
<testng-results skipped="0" failed="2" total="2" passed="0">
  <reporter-output>
  </reporter-output>
  <suite name="Surefire suite" duration-ms="8899" started-at="2016-05-05T14:24:59Z" finished-at="2016-05-05T14:25:08Z">
    <groups>
    </groups>
    <test name="Surefire test" duration-ms="8899" started-at="2016-05-05T14:24:59Z" finished-at="2016-05-05T14:25:08Z">
      <class name="com.adm.gaia.webhook.TestGaiaTokenBuilder">
        <test-method status="PASS" signature="springTestContextBeforeTestClass()[pri:0, instance:com.adm.gaia.webhook.TestGaiaTokenBuilder@4d49af10]" name="springTestContextBeforeTestClass" is-config="true" duration-ms="10" started-at="2016-05-05T17:24:59Z" finished-at="2016-05-05T17:24:59Z">
          <reporter-output>
          </reporter-output>
        </test-method> <!-- springTestContextBeforeTestClass -->
        <test-method status="PASS" signature="springTestContextPrepareTestInstance()[pri:0, instance:com.adm.gaia.webhook.TestGaiaTokenBuilder@4d49af10]" name="springTestContextPrepareTestInstance" is-config="true" duration-ms="666" started-at="2016-05-05T17:24:59Z" depends-on-methods="org.springframework.test.context.testng.AbstractTestNGSpringContextTests.springTestContextBeforeTestClass" finished-at="2016-05-05T17:24:59Z">
          <reporter-output>
          </reporter-output>
        </test-method> <!-- springTestContextPrepareTestInstance -->
        <test-method status="PASS" signature="springTestContextBeforeTestMethod(java.lang.reflect.Method)[pri:0, instance:com.adm.gaia.webhook.TestGaiaTokenBuilder@4d49af10]" name="springTestContextBeforeTestMethod" is-config="true" duration-ms="3" started-at="2016-05-05T17:24:59Z" finished-at="2016-05-05T17:24:59Z">
          <params>
            <param index="0">
              <value>
                <![CDATA[public void com.adm.gaia.webhook.TestGaiaTokenBuilder.testBuildGaiaAccessToken()]]>
              </value>
            </param>
          </params>
          <reporter-output>
          </reporter-output>
        </test-method> <!-- springTestContextBeforeTestMethod -->
        <test-method status="FAIL" signature="testBuildGaiaAccessToken()[pri:0, instance:com.adm.gaia.webhook.TestGaiaTokenBuilder@4d49af10]" name="testBuildGaiaAccessToken" duration-ms="880" started-at="2016-05-05T17:24:59Z" finished-at="2016-05-05T17:25:00Z">
          <exception class="java.lang.RuntimeException">
            <message>
              <![CDATA[Failed to create tenant, URL: http://proxy.skydns.local:88/sts/tenant, body: {"adminUserName":"dd@dexter.lab_ba285184-ebf4-4951-9bb9-9eedfeea62fd"}]]>
            </message>
            <full-stacktrace>
              <![CDATA[java.lang.RuntimeException: Failed to create tenant, URL: http://proxy.skydns.local:88/sts/tenant, body: {"adminUserName":"dd@dexter.lab_ba285184-ebf4-4951-9bb9-9eedfeea62fd"}
	at com.adm.gaia.util.GaiaTokenBuilder.createTenant(GaiaTokenBuilder.java:142)
	at com.adm.gaia.util.GaiaTokenBuilder.build(GaiaTokenBuilder.java:30)
	at com.adm.gaia.webhook.TestGaiaTokenBuilder.testBuildGaiaAccessToken(TestGaiaTokenBuilder.java:11)
	at sun.reflect.NativeMethodAccessorImpl.invoke0(Native Method)
	at sun.reflect.NativeMethodAccessorImpl.invoke(NativeMethodAccessorImpl.java:62)
	at sun.reflect.DelegatingMethodAccessorImpl.invoke(DelegatingMethodAccessorImpl.java:43)
	at java.lang.reflect.Method.invoke(Method.java:483)
	at org.testng.internal.MethodInvocationHelper.invokeMethod(MethodInvocationHelper.java:86)
	at org.testng.internal.MethodInvocationHelper$1.runTestMethod(MethodInvocationHelper.java:197)
	at org.springframework.test.context.testng.AbstractTestNGSpringContextTests.run(AbstractTestNGSpringContextTests.java:175)
	at org.testng.internal.MethodInvocationHelper.invokeHookable(MethodInvocationHelper.java:209)
	at org.testng.internal.Invoker.invokeMethod(Invoker.java:639)
	at org.testng.internal.Invoker.invokeTestMethod(Invoker.java:820)
	at org.testng.internal.Invoker.invokeTestMethods(Invoker.java:1128)
	at org.testng.internal.TestMethodWorker.invokeTestMethods(TestMethodWorker.java:129)
	at org.testng.internal.TestMethodWorker.run(TestMethodWorker.java:112)
	at org.testng.TestRunner.privateRun(TestRunner.java:782)
	at org.testng.TestRunner.run(TestRunner.java:632)
	at org.testng.SuiteRunner.runTest(SuiteRunner.java:366)
	at org.testng.SuiteRunner.runSequentially(SuiteRunner.java:361)
	at org.testng.SuiteRunner.privateRun(SuiteRunner.java:319)
	at org.testng.SuiteRunner.run(SuiteRunner.java:268)
	at org.testng.SuiteRunnerWorker.runSuite(SuiteRunnerWorker.java:52)
	at org.testng.SuiteRunnerWorker.run(SuiteRunnerWorker.java:86)
	at org.testng.TestNG.runSuitesSequentially(TestNG.java:1244)
	at org.testng.TestNG.runSuitesLocally(TestNG.java:1169)
	at org.testng.TestNG.run(TestNG.java:1064)
	at org.apache.maven.surefire.testng.TestNGExecutor.run(TestNGExecutor.java:132)
	at org.apache.maven.surefire.testng.TestNGDirectoryTestSuite.executeMulti(TestNGDirectoryTestSuite.java:193)
	at org.apache.maven.surefire.testng.TestNGDirectoryTestSuite.execute(TestNGDirectoryTestSuite.java:94)
	at org.apache.maven.surefire.testng.TestNGProvider.invoke(TestNGProvider.java:147)
	at org.apache.maven.surefire.booter.ForkedBooter.invokeProviderInSameClassLoader(ForkedBooter.java:290)
	at org.apache.maven.surefire.booter.ForkedBooter.runSuitesInProcess(ForkedBooter.java:242)
	at org.apache.maven.surefire.booter.ForkedBooter.main(ForkedBooter.java:121)
Caused by: java.lang.RuntimeException: java.net.UnknownHostException: proxy.skydns.local
	at com.adm.gaia.rest.RestClient.post(RestClient.java:45)
	at com.adm.gaia.util.GaiaTokenBuilder.createTenant(GaiaTokenBuilder.java:136)
	... 33 more
Caused by: java.net.UnknownHostException: proxy.skydns.local
	at java.net.Inet6AddressImpl.lookupAllHostAddr(Native Method)
	at java.net.InetAddress$2.lookupAllHostAddr(InetAddress.java:907)
	at java.net.InetAddress.getAddressesFromNameService(InetAddress.java:1302)
	at java.net.InetAddress.getAllByName0(InetAddress.java:1255)
	at java.net.InetAddress.getAllByName(InetAddress.java:1171)
	at java.net.InetAddress.getAllByName(InetAddress.java:1105)
	at okhttp3.Dns$1.lookup(Dns.java:39)
	at okhttp3.internal.http.RouteSelector.resetNextInetSocketAddress(RouteSelector.java:173)
	at okhttp3.internal.http.RouteSelector.nextProxy(RouteSelector.java:139)
	at okhttp3.internal.http.RouteSelector.next(RouteSelector.java:81)
	at okhttp3.internal.http.StreamAllocation.findConnection(StreamAllocation.java:174)
	at okhttp3.internal.http.StreamAllocation.findHealthyConnection(StreamAllocation.java:127)
	at okhttp3.internal.http.StreamAllocation.newStream(StreamAllocation.java:97)
	at okhttp3.internal.http.HttpEngine.connect(HttpEngine.java:289)
	at okhttp3.internal.http.HttpEngine.sendRequest(HttpEngine.java:241)
	at okhttp3.RealCall.getResponse(RealCall.java:240)
	at okhttp3.RealCall$ApplicationInterceptorChain.proceed(RealCall.java:198)
	at okhttp3.RealCall.getResponseWithInterceptorChain(RealCall.java:160)
	at okhttp3.RealCall.execute(RealCall.java:57)
	at com.adm.gaia.rest.RestClient.execute(RestClient.java:93)
	at com.adm.gaia.rest.RestClient.post(RestClient.java:42)
	... 34 more
]]>
            </full-stacktrace>
          </exception> <!-- java.lang.RuntimeException -->
          <reporter-output>
          </reporter-output>
        </test-method> <!-- testBuildGaiaAccessToken -->
        <test-method status="PASS" signature="springTestContextAfterTestMethod(java.lang.reflect.Method)[pri:0, instance:com.adm.gaia.webhook.TestGaiaTokenBuilder@4d49af10]" name="springTestContextAfterTestMethod" is-config="true" duration-ms="1" started-at="2016-05-05T17:25:00Z" finished-at="2016-05-05T17:25:00Z">
          <params>
            <param index="0">
              <value>
                <![CDATA[public void com.adm.gaia.webhook.TestGaiaTokenBuilder.testBuildGaiaAccessToken()]]>
              </value>
            </param>
          </params>
          <reporter-output>
          </reporter-output>
        </test-method> <!-- springTestContextAfterTestMethod -->
        <test-method status="PASS" signature="cleanup()[pri:0, instance:com.adm.gaia.webhook.TestGaiaTokenBuilder@4d49af10]" name="cleanup" is-config="true" duration-ms="0" started-at="2016-05-05T17:25:00Z" finished-at="2016-05-05T17:25:00Z">
          <reporter-output>
          </reporter-output>
        </test-method> <!-- cleanup -->
        <test-method status="PASS" signature="springTestContextAfterTestClass()[pri:0, instance:com.adm.gaia.webhook.TestGaiaTokenBuilder@4d49af10]" name="springTestContextAfterTestClass" is-config="true" duration-ms="0" started-at="2016-05-05T17:25:00Z" finished-at="2016-05-05T17:25:00Z">
          <reporter-output>
          </reporter-output>
        </test-method> <!-- springTestContextAfterTestClass -->
      </class> <!-- com.adm.gaia.webhook.TestGaiaTokenBuilder -->
      <class name="com.adm.gaia.webhook.TestWebhookGenerator">
        <test-method status="PASS" signature="springTestContextPrepareTestInstance()[pri:0, instance:com.adm.gaia.webhook.TestWebhookGenerator@279ad2e3]" name="springTestContextPrepareTestInstance" is-config="true" duration-ms="7" started-at="2016-05-05T17:25:00Z" depends-on-methods="org.springframework.test.context.testng.AbstractTestNGSpringContextTests.springTestContextBeforeTestClass" finished-at="2016-05-05T17:25:00Z">
          <reporter-output>
          </reporter-output>
        </test-method> <!-- springTestContextPrepareTestInstance -->
        <test-method status="PASS" signature="springTestContextBeforeTestClass()[pri:0, instance:com.adm.gaia.webhook.TestWebhookGenerator@279ad2e3]" name="springTestContextBeforeTestClass" is-config="true" duration-ms="0" started-at="2016-05-05T17:25:00Z" finished-at="2016-05-05T17:25:00Z">
          <reporter-output>
          </reporter-output>
        </test-method> <!-- springTestContextBeforeTestClass -->
        <test-method status="PASS" signature="springTestContextBeforeTestMethod(java.lang.reflect.Method)[pri:0, instance:com.adm.gaia.webhook.TestWebhookGenerator@279ad2e3]" name="springTestContextBeforeTestMethod" is-config="true" duration-ms="1" started-at="2016-05-05T17:25:00Z" finished-at="2016-05-05T17:25:00Z">
          <params>
            <param index="0">
              <value>
                <![CDATA[public void com.adm.gaia.webhook.TestWebhookGenerator.testGenerate() throws java.lang.Exception]]>
              </value>
            </param>
          </params>
          <reporter-output>
          </reporter-output>
        </test-method> <!-- springTestContextBeforeTestMethod -->
        <test-method status="FAIL" signature="testGenerate()[pri:0, instance:com.adm.gaia.webhook.TestWebhookGenerator@279ad2e3]" name="testGenerate" duration-ms="1" started-at="2016-05-05T17:25:00Z" finished-at="2016-05-05T17:25:00Z">
          <exception class="java.lang.RuntimeException">
            <message>
              <![CDATA[Failed to create tenant, URL: http://proxy.skydns.local:88/sts/tenant, body: {"adminUserName":"dd@dexter.lab_83eacf90-2341-4cd2-be8e-1cf8487bad1b"}]]>
            </message>
            <full-stacktrace>
              <![CDATA[java.lang.RuntimeException: Failed to create tenant, URL: http://proxy.skydns.local:88/sts/tenant, body: {"adminUserName":"dd@dexter.lab_83eacf90-2341-4cd2-be8e-1cf8487bad1b"}
	at com.adm.gaia.util.GaiaTokenBuilder.createTenant(GaiaTokenBuilder.java:142)
	at com.adm.gaia.util.GaiaTokenBuilder.build(GaiaTokenBuilder.java:30)
	at com.adm.gaia.webhook.TestWebhookGenerator.testGenerate(TestWebhookGenerator.java:32)
	at sun.reflect.NativeMethodAccessorImpl.invoke0(Native Method)
	at sun.reflect.NativeMethodAccessorImpl.invoke(NativeMethodAccessorImpl.java:62)
	at sun.reflect.DelegatingMethodAccessorImpl.invoke(DelegatingMethodAccessorImpl.java:43)
	at java.lang.reflect.Method.invoke(Method.java:483)
	at org.testng.internal.MethodInvocationHelper.invokeMethod(MethodInvocationHelper.java:86)
	at org.testng.internal.MethodInvocationHelper$1.runTestMethod(MethodInvocationHelper.java:197)
	at org.springframework.test.context.testng.AbstractTestNGSpringContextTests.run(AbstractTestNGSpringContextTests.java:175)
	at org.testng.internal.MethodInvocationHelper.invokeHookable(MethodInvocationHelper.java:209)
	at org.testng.internal.Invoker.invokeMethod(Invoker.java:639)
	at org.testng.internal.Invoker.invokeTestMethod(Invoker.java:820)
	at org.testng.internal.Invoker.invokeTestMethods(Invoker.java:1128)
	at org.testng.internal.TestMethodWorker.invokeTestMethods(TestMethodWorker.java:129)
	at org.testng.internal.TestMethodWorker.run(TestMethodWorker.java:112)
	at org.testng.TestRunner.privateRun(TestRunner.java:782)
	at org.testng.TestRunner.run(TestRunner.java:632)
	at org.testng.SuiteRunner.runTest(SuiteRunner.java:366)
	at org.testng.SuiteRunner.runSequentially(SuiteRunner.java:361)
	at org.testng.SuiteRunner.privateRun(SuiteRunner.java:319)
	at org.testng.SuiteRunner.run(SuiteRunner.java:268)
	at org.testng.SuiteRunnerWorker.runSuite(SuiteRunnerWorker.java:52)
	at org.testng.SuiteRunnerWorker.run(SuiteRunnerWorker.java:86)
	at org.testng.TestNG.runSuitesSequentially(TestNG.java:1244)
	at org.testng.TestNG.runSuitesLocally(TestNG.java:1169)
	at org.testng.TestNG.run(TestNG.java:1064)
	at org.apache.maven.surefire.testng.TestNGExecutor.run(TestNGExecutor.java:132)
	at org.apache.maven.surefire.testng.TestNGDirectoryTestSuite.executeMulti(TestNGDirectoryTestSuite.java:193)
	at org.apache.maven.surefire.testng.TestNGDirectoryTestSuite.execute(TestNGDirectoryTestSuite.java:94)
	at org.apache.maven.surefire.testng.TestNGProvider.invoke(TestNGProvider.java:147)
	at org.apache.maven.surefire.booter.ForkedBooter.invokeProviderInSameClassLoader(ForkedBooter.java:290)
	at org.apache.maven.surefire.booter.ForkedBooter.runSuitesInProcess(ForkedBooter.java:242)
	at org.apache.maven.surefire.booter.ForkedBooter.main(ForkedBooter.java:121)
Caused by: java.lang.RuntimeException: java.net.UnknownHostException: proxy.skydns.local
	at com.adm.gaia.rest.RestClient.post(RestClient.java:45)
	at com.adm.gaia.util.GaiaTokenBuilder.createTenant(GaiaTokenBuilder.java:136)
	... 33 more
Caused by: java.net.UnknownHostException: proxy.skydns.local
	at java.net.InetAddress.getAllByName0(InetAddress.java:1259)
	at java.net.InetAddress.getAllByName(InetAddress.java:1171)
	at java.net.InetAddress.getAllByName(InetAddress.java:1105)
	at okhttp3.Dns$1.lookup(Dns.java:39)
	at okhttp3.internal.http.RouteSelector.resetNextInetSocketAddress(RouteSelector.java:173)
	at okhttp3.internal.http.RouteSelector.nextProxy(RouteSelector.java:139)
	at okhttp3.internal.http.RouteSelector.next(RouteSelector.java:81)
	at okhttp3.internal.http.StreamAllocation.findConnection(StreamAllocation.java:174)
	at okhttp3.internal.http.StreamAllocation.findHealthyConnection(StreamAllocation.java:127)
	at okhttp3.internal.http.StreamAllocation.newStream(StreamAllocation.java:97)
	at okhttp3.internal.http.HttpEngine.connect(HttpEngine.java:289)
	at okhttp3.internal.http.HttpEngine.sendRequest(HttpEngine.java:241)
	at okhttp3.RealCall.getResponse(RealCall.java:240)
	at okhttp3.RealCall$ApplicationInterceptorChain.proceed(RealCall.java:198)
	at okhttp3.RealCall.getResponseWithInterceptorChain(RealCall.java:160)
	at okhttp3.RealCall.execute(RealCall.java:57)
	at com.adm.gaia.rest.RestClient.execute(RestClient.java:93)
	at com.adm.gaia.rest.RestClient.post(RestClient.java:42)
	... 34 more
]]>
            </full-stacktrace>
          </exception> <!-- java.lang.RuntimeException -->
          <reporter-output>
          </reporter-output>
        </test-method> <!-- testGenerate -->
        <test-method status="FAIL" signature="deleteIndices()[pri:0, instance:com.adm.gaia.webhook.TestWebhookGenerator@279ad2e3]" name="deleteIndices" is-config="true" duration-ms="0" started-at="2016-05-05T17:25:00Z" finished-at="2016-05-05T17:25:00Z">
          <exception class="java.lang.NullPointerException">
            <full-stacktrace>
              <![CDATA[java.lang.NullPointerException
	at com.adm.gaia.webhook.TestWebhookGenerator.deleteIndices(TestWebhookGenerator.java:55)
	at sun.reflect.NativeMethodAccessorImpl.invoke0(Native Method)
	at sun.reflect.NativeMethodAccessorImpl.invoke(NativeMethodAccessorImpl.java:62)
	at sun.reflect.DelegatingMethodAccessorImpl.invoke(DelegatingMethodAccessorImpl.java:43)
	at java.lang.reflect.Method.invoke(Method.java:483)
	at org.testng.internal.MethodInvocationHelper.invokeMethod(MethodInvocationHelper.java:86)
	at org.testng.internal.Invoker.invokeConfigurationMethod(Invoker.java:514)
	at org.testng.internal.Invoker.invokeConfigurations(Invoker.java:215)
	at org.testng.internal.Invoker.invokeMethod(Invoker.java:707)
	at org.testng.internal.Invoker.invokeTestMethod(Invoker.java:820)
	at org.testng.internal.Invoker.invokeTestMethods(Invoker.java:1128)
	at org.testng.internal.TestMethodWorker.invokeTestMethods(TestMethodWorker.java:129)
	at org.testng.internal.TestMethodWorker.run(TestMethodWorker.java:112)
	at org.testng.TestRunner.privateRun(TestRunner.java:782)
	at org.testng.TestRunner.run(TestRunner.java:632)
	at org.testng.SuiteRunner.runTest(SuiteRunner.java:366)
	at org.testng.SuiteRunner.runSequentially(SuiteRunner.java:361)
	at org.testng.SuiteRunner.privateRun(SuiteRunner.java:319)
	at org.testng.SuiteRunner.run(SuiteRunner.java:268)
	at org.testng.SuiteRunnerWorker.runSuite(SuiteRunnerWorker.java:52)
	at org.testng.SuiteRunnerWorker.run(SuiteRunnerWorker.java:86)
	at org.testng.TestNG.runSuitesSequentially(TestNG.java:1244)
	at org.testng.TestNG.runSuitesLocally(TestNG.java:1169)
	at org.testng.TestNG.run(TestNG.java:1064)
	at org.apache.maven.surefire.testng.TestNGExecutor.run(TestNGExecutor.java:132)
	at org.apache.maven.surefire.testng.TestNGDirectoryTestSuite.executeMulti(TestNGDirectoryTestSuite.java:193)
	at org.apache.maven.surefire.testng.TestNGDirectoryTestSuite.execute(TestNGDirectoryTestSuite.java:94)
	at org.apache.maven.surefire.testng.TestNGProvider.invoke(TestNGProvider.java:147)
	at org.apache.maven.surefire.booter.ForkedBooter.invokeProviderInSameClassLoader(ForkedBooter.java:290)
	at org.apache.maven.surefire.booter.ForkedBooter.runSuitesInProcess(ForkedBooter.java:242)
	at org.apache.maven.surefire.booter.ForkedBooter.main(ForkedBooter.java:121)
]]>
            </full-stacktrace>
          </exception> <!-- java.lang.NullPointerException -->
          <reporter-output>
          </reporter-output>
        </test-method> <!-- deleteIndices -->
        <test-method status="SKIP" signature="cleanup()[pri:0, instance:com.adm.gaia.webhook.TestWebhookGenerator@279ad2e3]" name="cleanup" is-config="true" duration-ms="0" started-at="2016-05-05T17:25:08Z" finished-at="2016-05-05T17:25:08Z">
          <reporter-output>
          </reporter-output>
        </test-method> <!-- cleanup -->
        <test-method status="PASS" signature="springTestContextAfterTestMethod(java.lang.reflect.Method)[pri:0, instance:com.adm.gaia.webhook.TestWebhookGenerator@279ad2e3]" name="springTestContextAfterTestMethod" is-config="true" duration-ms="2" started-at="2016-05-05T17:25:08Z" finished-at="2016-05-05T17:25:08Z">
          <params>
            <param index="0">
              <value>
                <![CDATA[public void com.adm.gaia.webhook.TestWebhookGenerator.testGenerate() throws java.lang.Exception]]>
              </value>
            </param>
          </params>
          <reporter-output>
          </reporter-output>
        </test-method> <!-- springTestContextAfterTestMethod -->
        <test-method status="PASS" signature="springTestContextAfterTestClass()[pri:0, instance:com.adm.gaia.webhook.TestWebhookGenerator@279ad2e3]" name="springTestContextAfterTestClass" is-config="true" duration-ms="1" started-at="2016-05-05T17:25:08Z" finished-at="2016-05-05T17:25:08Z">
          <reporter-output>
          </reporter-output>
        </test-method> <!-- springTestContextAfterTestClass -->
      </class> <!-- com.adm.gaia.webhook.TestWebhookGenerator -->
    </test> <!-- Surefire test -->
  </suite> <!-- Surefire suite -->
</testng-results>
